<?xml version="1.0" encoding="UTF-8"?>
<!-- Generated by org.testng.reporters.JUnitXMLReporter -->
<testsuite hostname="DESKTOP-7IN7D1S" name="Test Example 4" tests="4" failures="0" timestamp="5 Jan 2018 03:12:31 GMT" time="3.726" errors="0">
  <testcase name="Get" time="2.119" classname="bjss.test.testCase.CRUD"/>
  <testcase name="deleteExample" time="0.378" classname="bjss.test.testCase.CRUD"/>
  <testcase name="postExample" time="0.538" classname="bjss.test.testCase.CRUD"/>
  <testcase name="putExample" time="0.514" classname="bjss.test.testCase.CRUD"/>
</testsuite> <!-- Test Example 4 -->
