<?xml version="1.0" encoding="UTF-8"?>
<!-- Generated by org.testng.reporters.JUnitXMLReporter -->
<testsuite hostname="DESKTOP-7IN7D1S" name="Test Example 4" tests="4" failures="0" timestamp="4 Jan 2018 20:21:13 GMT" time="5.512" errors="0">
  <testcase name="Get" time="3.176" classname="bjss.test.testCase.CRUD"/>
  <testcase name="deleteExample" time="0.614" classname="bjss.test.testCase.CRUD"/>
  <testcase name="postExample" time="0.625" classname="bjss.test.testCase.CRUD"/>
  <testcase name="putExample" time="0.942" classname="bjss.test.testCase.CRUD"/>
</testsuite> <!-- Test Example 4 -->
