<?xml version="1.0" encoding="UTF-8"?>
<!-- Generated by org.testng.reporters.JUnitXMLReporter -->
<testsuite hostname="DESKTOP-7IN7D1S" name="Test Example 3" tests="1" failures="1" timestamp="4 Jan 2018 20:21:08 GMT" time="21.942" errors="0">
  <testcase name="test3" time="6.752" classname="bjss.test.testCase.TestCase3">
    <failure type="java.lang.AssertionError" message="expected [S] but found [X]">
      <![CDATA[java.lang.AssertionError: expected [S] but found [X]
	at bjss.test.pages.OrderHistory.checkItemSize(OrderHistory.java:116)
	at bjss.test.testCase.TestCase3.test3(TestCase3.java:49)
... Removed 30 stack frames]]>
    </failure>
  </testcase> <!-- test3 -->
</testsuite> <!-- Test Example 3 -->
