<?xml version="1.0" encoding="UTF-8"?>
<!-- Generated by org.testng.reporters.JUnitXMLReporter -->
<testsuite hostname="DESKTOP-7IN7D1S" name="Test Example 2" tests="2" failures="1" timestamp="4 Jan 2018 15:36:34 GMT" time="33.344" errors="0">
  <testcase name="test2" time="10.719" classname="bjss.test.testCase.TestCase2"/>
  <testcase name="test3" time="4.712" classname="bjss.test.testCase.TestCase3">
    <failure type="java.lang.AssertionError" message="expected [S] but found [X]">
      <![CDATA[java.lang.AssertionError: expected [S] but found [X]
	at bjss.test.pages.OrderHistory.checkItemSize(OrderHistory.java:104)
	at bjss.test.testCase.TestCase3.test3(TestCase3.java:47)
... Removed 30 stack frames]]>
    </failure>
  </testcase> <!-- test3 -->
</testsuite> <!-- Test Example 2 -->
